[2026-04-12T01:10:24.502Z] info: kubernetes.yaml was copied to the config folder
[2026-04-12T01:13:21.998Z] error: Host validation failed for: homepage.home.goshsamit.com. Hint: Set the HOMEPAGE_ALLOWED_HOSTS environment variable to allow requests from this host / port.
[2026-04-12T01:13:22.427Z] error: Host validation failed for: homepage.home.goshsamit.com. Hint: Set the HOMEPAGE_ALLOWED_HOSTS environment variable to allow requests from this host / port.
[2026-04-12T01:13:22.430Z] error: Host validation failed for: homepage.home.goshsamit.com. Hint: Set the HOMEPAGE_ALLOWED_HOSTS environment variable to allow requests from this host / port.
[2026-04-12T01:13:22.434Z] error: Host validation failed for: homepage.home.goshsamit.com. Hint: Set the HOMEPAGE_ALLOWED_HOSTS environment variable to allow requests from this host / port.
[2026-04-12T01:13:22.440Z] error: Host validation failed for: homepage.home.goshsamit.com. Hint: Set the HOMEPAGE_ALLOWED_HOSTS environment variable to allow requests from this host / port.
[2026-04-12T01:13:22.444Z] error: Host validation failed for: homepage.home.goshsamit.com. Hint: Set the HOMEPAGE_ALLOWED_HOSTS environment variable to allow requests from this host / port.
[2026-04-12T01:13:22.450Z] error: Host validation failed for: homepage.home.goshsamit.com. Hint: Set the HOMEPAGE_ALLOWED_HOSTS environment variable to allow requests from this host / port.
[2026-04-12T01:13:22.456Z] error: Host validation failed for: homepage.home.goshsamit.com. Hint: Set the HOMEPAGE_ALLOWED_HOSTS environment variable to allow requests from this host / port.
[2026-04-12T01:13:22.460Z] error: Host validation failed for: homepage.home.goshsamit.com. Hint: Set the HOMEPAGE_ALLOWED_HOSTS environment variable to allow requests from this host / port.
[2026-04-12T01:13:22.466Z] error: Host validation failed for: homepage.home.goshsamit.com. Hint: Set the HOMEPAGE_ALLOWED_HOSTS environment variable to allow requests from this host / port.
[2026-04-12T01:13:22.468Z] error: Host validation failed for: homepage.home.goshsamit.com. Hint: Set the HOMEPAGE_ALLOWED_HOSTS environment variable to allow requests from this host / port.
[2026-04-12T01:13:22.488Z] error: Host validation failed for: homepage.home.goshsamit.com. Hint: Set the HOMEPAGE_ALLOWED_HOSTS environment variable to allow requests from this host / port.
[2026-04-12T01:13:33.148Z] error: Host validation failed for: homepage.home.goshsamit.com. Hint: Set the HOMEPAGE_ALLOWED_HOSTS environment variable to allow requests from this host / port.
[2026-04-12T01:13:33.151Z] error: Host validation failed for: homepage.home.goshsamit.com. Hint: Set the HOMEPAGE_ALLOWED_HOSTS environment variable to allow requests from this host / port.
[2026-04-12T01:24:34.280Z] error: Host validation failed for: homepage.home.goshsamit.com. Hint: Set the HOMEPAGE_ALLOWED_HOSTS environment variable to allow requests from this host / port.
[2026-04-12T01:24:34.398Z] error: Host validation failed for: homepage.home.goshsamit.com. Hint: Set the HOMEPAGE_ALLOWED_HOSTS environment variable to allow requests from this host / port.
[2026-04-12T01:24:34.401Z] error: Host validation failed for: homepage.home.goshsamit.com. Hint: Set the HOMEPAGE_ALLOWED_HOSTS environment variable to allow requests from this host / port.
[2026-04-12T01:24:34.405Z] error: Host validation failed for: homepage.home.goshsamit.com. Hint: Set the HOMEPAGE_ALLOWED_HOSTS environment variable to allow requests from this host / port.
[2026-04-12T01:24:34.407Z] error: Host validation failed for: homepage.home.goshsamit.com. Hint: Set the HOMEPAGE_ALLOWED_HOSTS environment variable to allow requests from this host / port.
[2026-04-12T01:24:34.409Z] error: Host validation failed for: homepage.home.goshsamit.com. Hint: Set the HOMEPAGE_ALLOWED_HOSTS environment variable to allow requests from this host / port.
[2026-04-12T01:24:34.412Z] error: Host validation failed for: homepage.home.goshsamit.com. Hint: Set the HOMEPAGE_ALLOWED_HOSTS environment variable to allow requests from this host / port.
[2026-04-12T01:24:34.429Z] error: Host validation failed for: homepage.home.goshsamit.com. Hint: Set the HOMEPAGE_ALLOWED_HOSTS environment variable to allow requests from this host / port.
[2026-04-12T01:24:34.431Z] error: Host validation failed for: homepage.home.goshsamit.com. Hint: Set the HOMEPAGE_ALLOWED_HOSTS environment variable to allow requests from this host / port.
[2026-04-12T01:24:34.434Z] error: Host validation failed for: homepage.home.goshsamit.com. Hint: Set the HOMEPAGE_ALLOWED_HOSTS environment variable to allow requests from this host / port.
[2026-04-12T01:24:34.438Z] error: Host validation failed for: homepage.home.goshsamit.com. Hint: Set the HOMEPAGE_ALLOWED_HOSTS environment variable to allow requests from this host / port.
[2026-04-12T01:24:34.449Z] error: Host validation failed for: homepage.home.goshsamit.com. Hint: Set the HOMEPAGE_ALLOWED_HOSTS environment variable to allow requests from this host / port.
[2026-04-12T01:24:34.483Z] error: Host validation failed for: homepage.home.goshsamit.com. Hint: Set the HOMEPAGE_ALLOWED_HOSTS environment variable to allow requests from this host / port.
[2026-04-12T01:28:01.249Z] error: Host validation failed for: homepage.home.goshsamit.com. Hint: Set the HOMEPAGE_ALLOWED_HOSTS environment variable to allow requests from this host / port.
[2026-04-12T01:28:01.251Z] error: Host validation failed for: homepage.home.goshsamit.com. Hint: Set the HOMEPAGE_ALLOWED_HOSTS environment variable to allow requests from this host / port.
[2026-04-12T01:28:03.288Z] error: Host validation failed for: homepage.home.goshsamit.com. Hint: Set the HOMEPAGE_ALLOWED_HOSTS environment variable to allow requests from this host / port.
[2026-04-12T01:28:03.427Z] error: Host validation failed for: homepage.home.goshsamit.com. Hint: Set the HOMEPAGE_ALLOWED_HOSTS environment variable to allow requests from this host / port.
[2026-04-12T01:28:03.430Z] error: Host validation failed for: homepage.home.goshsamit.com. Hint: Set the HOMEPAGE_ALLOWED_HOSTS environment variable to allow requests from this host / port.
[2026-04-12T01:28:03.434Z] error: Host validation failed for: homepage.home.goshsamit.com. Hint: Set the HOMEPAGE_ALLOWED_HOSTS environment variable to allow requests from this host / port.
[2026-04-12T01:28:03.437Z] error: Host validation failed for: homepage.home.goshsamit.com. Hint: Set the HOMEPAGE_ALLOWED_HOSTS environment variable to allow requests from this host / port.
[2026-04-12T01:28:03.439Z] error: Host validation failed for: homepage.home.goshsamit.com. Hint: Set the HOMEPAGE_ALLOWED_HOSTS environment variable to allow requests from this host / port.
[2026-04-12T01:28:03.443Z] error: Host validation failed for: homepage.home.goshsamit.com. Hint: Set the HOMEPAGE_ALLOWED_HOSTS environment variable to allow requests from this host / port.
[2026-04-12T01:28:03.449Z] error: Host validation failed for: homepage.home.goshsamit.com. Hint: Set the HOMEPAGE_ALLOWED_HOSTS environment variable to allow requests from this host / port.
[2026-04-12T01:28:03.452Z] error: Host validation failed for: homepage.home.goshsamit.com. Hint: Set the HOMEPAGE_ALLOWED_HOSTS environment variable to allow requests from this host / port.
[2026-04-12T01:28:03.455Z] error: Host validation failed for: homepage.home.goshsamit.com. Hint: Set the HOMEPAGE_ALLOWED_HOSTS environment variable to allow requests from this host / port.
[2026-04-12T01:28:03.456Z] error: Host validation failed for: homepage.home.goshsamit.com. Hint: Set the HOMEPAGE_ALLOWED_HOSTS environment variable to allow requests from this host / port.
[2026-04-12T01:28:03.465Z] error: Host validation failed for: homepage.home.goshsamit.com. Hint: Set the HOMEPAGE_ALLOWED_HOSTS environment variable to allow requests from this host / port.
[2026-04-12T01:28:03.486Z] error: Host validation failed for: homepage.home.goshsamit.com. Hint: Set the HOMEPAGE_ALLOWED_HOSTS environment variable to allow requests from this host / port.
[2026-04-12T01:28:04.426Z] error: Host validation failed for: homepage.home.goshsamit.com. Hint: Set the HOMEPAGE_ALLOWED_HOSTS environment variable to allow requests from this host / port.
[2026-04-12T01:28:04.499Z] error: Host validation failed for: homepage.home.goshsamit.com. Hint: Set the HOMEPAGE_ALLOWED_HOSTS environment variable to allow requests from this host / port.
[2026-04-12T01:28:04.501Z] error: Host validation failed for: homepage.home.goshsamit.com. Hint: Set the HOMEPAGE_ALLOWED_HOSTS environment variable to allow requests from this host / port.
[2026-04-12T01:28:04.504Z] error: Host validation failed for: homepage.home.goshsamit.com. Hint: Set the HOMEPAGE_ALLOWED_HOSTS environment variable to allow requests from this host / port.
[2026-04-12T01:28:04.505Z] error: Host validation failed for: homepage.home.goshsamit.com. Hint: Set the HOMEPAGE_ALLOWED_HOSTS environment variable to allow requests from this host / port.
[2026-04-12T01:28:04.507Z] error: Host validation failed for: homepage.home.goshsamit.com. Hint: Set the HOMEPAGE_ALLOWED_HOSTS environment variable to allow requests from this host / port.
[2026-04-12T01:28:04.509Z] error: Host validation failed for: homepage.home.goshsamit.com. Hint: Set the HOMEPAGE_ALLOWED_HOSTS environment variable to allow requests from this host / port.
[2026-04-12T01:28:04.516Z] error: Host validation failed for: homepage.home.goshsamit.com. Hint: Set the HOMEPAGE_ALLOWED_HOSTS environment variable to allow requests from this host / port.
[2026-04-12T01:28:04.517Z] error: Host validation failed for: homepage.home.goshsamit.com. Hint: Set the HOMEPAGE_ALLOWED_HOSTS environment variable to allow requests from this host / port.
[2026-04-12T01:28:04.519Z] error: Host validation failed for: homepage.home.goshsamit.com. Hint: Set the HOMEPAGE_ALLOWED_HOSTS environment variable to allow requests from this host / port.
[2026-04-12T01:28:04.522Z] error: Host validation failed for: homepage.home.goshsamit.com. Hint: Set the HOMEPAGE_ALLOWED_HOSTS environment variable to allow requests from this host / port.
[2026-04-12T01:28:04.525Z] error: Host validation failed for: homepage.home.goshsamit.com. Hint: Set the HOMEPAGE_ALLOWED_HOSTS environment variable to allow requests from this host / port.
[2026-04-12T01:28:04.555Z] error: Host validation failed for: homepage.home.goshsamit.com. Hint: Set the HOMEPAGE_ALLOWED_HOSTS environment variable to allow requests from this host / port.
[2026-04-12T01:37:45.836Z] info: docker.yaml was copied to the config folder
[2026-04-12T01:37:45.901Z] info: services.yaml was copied to the config folder
[2026-04-12T01:37:46.032Z] info: bookmarks.yaml was copied to the config folder
[2026-04-12T01:37:46.232Z] info: proxmox.yaml was copied to the config folder
[2026-04-12T01:37:46.490Z] info: widgets.yaml was copied to the config folder
[2026-04-12T01:37:46.591Z] info: custom.css was copied to the config folder
[2026-04-12T01:37:46.762Z] info: custom.js was copied to the config folder
[2026-04-12T01:37:47.220Z] error: <ingress-list> Error getting ingresses: NaN {"kind":"Status","apiVersion":"v1","metadata":{},"status":"Failure","message":"ingresses.networking.k8s.io is forbidden: User \"system:serviceaccount:homepage:default\" cannot list resource \"ingresses\" in API group \"networking.k8s.io\" at the cluster scope","reason":"Forbidden","details":{"group":"networking.k8s.io","kind":"ingresses"},"code":403}
 undefined
[2026-04-12T01:37:47.237Z] error: <ingress-list> Error getting ingresses: NaN {"kind":"Status","apiVersion":"v1","metadata":{},"status":"Failure","message":"ingresses.networking.k8s.io is forbidden: User \"system:serviceaccount:homepage:default\" cannot list resource \"ingresses\" in API group \"networking.k8s.io\" at the cluster scope","reason":"Forbidden","details":{"group":"networking.k8s.io","kind":"ingresses"},"code":403}
 undefined
[2026-04-12T01:37:47.530Z] error: <ingress-list> Error getting ingresses: NaN {"kind":"Status","apiVersion":"v1","metadata":{},"status":"Failure","message":"ingresses.networking.k8s.io is forbidden: User \"system:serviceaccount:homepage:default\" cannot list resource \"ingresses\" in API group \"networking.k8s.io\" at the cluster scope","reason":"Forbidden","details":{"group":"networking.k8s.io","kind":"ingresses"},"code":403}
 undefined
[2026-04-12T01:37:59.835Z] error: <ingress-list> Error getting ingresses: NaN {"kind":"Status","apiVersion":"v1","metadata":{},"status":"Failure","message":"ingresses.networking.k8s.io is forbidden: User \"system:serviceaccount:homepage:default\" cannot list resource \"ingresses\" in API group \"networking.k8s.io\" at the cluster scope","reason":"Forbidden","details":{"group":"networking.k8s.io","kind":"ingresses"},"code":403}
 undefined
[2026-04-12T01:38:05.252Z] error: <ingress-list> Error getting ingresses: NaN {"kind":"Status","apiVersion":"v1","metadata":{},"status":"Failure","message":"ingresses.networking.k8s.io is forbidden: User \"system:serviceaccount:homepage:default\" cannot list resource \"ingresses\" in API group \"networking.k8s.io\" at the cluster scope","reason":"Forbidden","details":{"group":"networking.k8s.io","kind":"ingresses"},"code":403}
 undefined
[2026-04-12T01:38:12.685Z] error: <ingress-list> Error getting ingresses: NaN {"kind":"Status","apiVersion":"v1","metadata":{},"status":"Failure","message":"ingresses.networking.k8s.io is forbidden: User \"system:serviceaccount:homepage:default\" cannot list resource \"ingresses\" in API group \"networking.k8s.io\" at the cluster scope","reason":"Forbidden","details":{"group":"networking.k8s.io","kind":"ingresses"},"code":403}
 undefined
[2026-04-12T01:38:50.663Z] error: <ingress-list> Error getting ingresses: NaN {"kind":"Status","apiVersion":"v1","metadata":{},"status":"Failure","message":"ingresses.networking.k8s.io is forbidden: User \"system:serviceaccount:homepage:default\" cannot list resource \"ingresses\" in API group \"networking.k8s.io\" at the cluster scope","reason":"Forbidden","details":{"group":"networking.k8s.io","kind":"ingresses"},"code":403}
 undefined
[2026-04-12T01:38:50.664Z] error: <ingress-list> Error getting ingresses: NaN {"kind":"Status","apiVersion":"v1","metadata":{},"status":"Failure","message":"ingresses.networking.k8s.io is forbidden: User \"system:serviceaccount:homepage:default\" cannot list resource \"ingresses\" in API group \"networking.k8s.io\" at the cluster scope","reason":"Forbidden","details":{"group":"networking.k8s.io","kind":"ingresses"},"code":403}
 undefined
[2026-04-12T01:38:50.926Z] error: <ingress-list> Error getting ingresses: NaN {"kind":"Status","apiVersion":"v1","metadata":{},"status":"Failure","message":"ingresses.networking.k8s.io is forbidden: User \"system:serviceaccount:homepage:default\" cannot list resource \"ingresses\" in API group \"networking.k8s.io\" at the cluster scope","reason":"Forbidden","details":{"group":"networking.k8s.io","kind":"ingresses"},"code":403}
 undefined
[2026-04-12T01:39:13.206Z] error: <ingress-list> Error getting ingresses: NaN {"kind":"Status","apiVersion":"v1","metadata":{},"status":"Failure","message":"ingresses.networking.k8s.io is forbidden: User \"system:serviceaccount:homepage:default\" cannot list resource \"ingresses\" in API group \"networking.k8s.io\" at the cluster scope","reason":"Forbidden","details":{"group":"networking.k8s.io","kind":"ingresses"},"code":403}
 undefined
[2026-04-12T01:39:30.743Z] error: <ingress-list> Error getting ingresses: NaN {"kind":"Status","apiVersion":"v1","metadata":{},"status":"Failure","message":"ingresses.networking.k8s.io is forbidden: User \"system:serviceaccount:homepage:default\" cannot list resource \"ingresses\" in API group \"networking.k8s.io\" at the cluster scope","reason":"Forbidden","details":{"group":"networking.k8s.io","kind":"ingresses"},"code":403}
 undefined
[2026-04-12T01:39:30.748Z] error: <ingress-list> Error getting ingresses: NaN {"kind":"Status","apiVersion":"v1","metadata":{},"status":"Failure","message":"ingresses.networking.k8s.io is forbidden: User \"system:serviceaccount:homepage:default\" cannot list resource \"ingresses\" in API group \"networking.k8s.io\" at the cluster scope","reason":"Forbidden","details":{"group":"networking.k8s.io","kind":"ingresses"},"code":403}
 undefined
[2026-04-12T01:39:30.977Z] error: <ingress-list> Error getting ingresses: NaN {"kind":"Status","apiVersion":"v1","metadata":{},"status":"Failure","message":"ingresses.networking.k8s.io is forbidden: User \"system:serviceaccount:homepage:default\" cannot list resource \"ingresses\" in API group \"networking.k8s.io\" at the cluster scope","reason":"Forbidden","details":{"group":"networking.k8s.io","kind":"ingresses"},"code":403}
 undefined
[2026-04-12T01:39:36.980Z] error: <ingress-list> Error getting ingresses: NaN {"kind":"Status","apiVersion":"v1","metadata":{},"status":"Failure","message":"ingresses.networking.k8s.io is forbidden: User \"system:serviceaccount:homepage:default\" cannot list resource \"ingresses\" in API group \"networking.k8s.io\" at the cluster scope","reason":"Forbidden","details":{"group":"networking.k8s.io","kind":"ingresses"},"code":403}
 undefined
[2026-04-12T01:40:18.047Z] error: <ingress-list> Error getting ingresses: NaN {"kind":"Status","apiVersion":"v1","metadata":{},"status":"Failure","message":"ingresses.networking.k8s.io is forbidden: User \"system:serviceaccount:homepage:default\" cannot list resource \"ingresses\" in API group \"networking.k8s.io\" at the cluster scope","reason":"Forbidden","details":{"group":"networking.k8s.io","kind":"ingresses"},"code":403}
 undefined
[2026-04-12T01:40:28.486Z] error: <ingress-list> Error getting ingresses: NaN {"kind":"Status","apiVersion":"v1","metadata":{},"status":"Failure","message":"ingresses.networking.k8s.io is forbidden: User \"system:serviceaccount:homepage:default\" cannot list resource \"ingresses\" in API group \"networking.k8s.io\" at the cluster scope","reason":"Forbidden","details":{"group":"networking.k8s.io","kind":"ingresses"},"code":403}
 undefined
[2026-04-12T01:40:40.588Z] error: <ingress-list> Error getting ingresses: NaN {"kind":"Status","apiVersion":"v1","metadata":{},"status":"Failure","message":"ingresses.networking.k8s.io is forbidden: User \"system:serviceaccount:homepage:default\" cannot list resource \"ingresses\" in API group \"networking.k8s.io\" at the cluster scope","reason":"Forbidden","details":{"group":"networking.k8s.io","kind":"ingresses"},"code":403}
 undefined
[2026-04-12T01:41:01.371Z] error: <ingress-list> Error getting ingresses: NaN {"kind":"Status","apiVersion":"v1","metadata":{},"status":"Failure","message":"ingresses.networking.k8s.io is forbidden: User \"system:serviceaccount:homepage:default\" cannot list resource \"ingresses\" in API group \"networking.k8s.io\" at the cluster scope","reason":"Forbidden","details":{"group":"networking.k8s.io","kind":"ingresses"},"code":403}
 undefined
[2026-04-12T13:09:00.591Z] error: <ingress-list> Error getting ingresses: NaN {"kind":"Status","apiVersion":"v1","metadata":{},"status":"Failure","message":"ingresses.networking.k8s.io is forbidden: User \"system:serviceaccount:homepage:default\" cannot list resource \"ingresses\" in API group \"networking.k8s.io\" at the cluster scope","reason":"Forbidden","details":{"group":"networking.k8s.io","kind":"ingresses"},"code":403}
 undefined
[2026-04-12T13:09:11.298Z] error: <ingress-list> Error getting ingresses: NaN {"kind":"Status","apiVersion":"v1","metadata":{},"status":"Failure","message":"ingresses.networking.k8s.io is forbidden: User \"system:serviceaccount:homepage:default\" cannot list resource \"ingresses\" in API group \"networking.k8s.io\" at the cluster scope","reason":"Forbidden","details":{"group":"networking.k8s.io","kind":"ingresses"},"code":403}
 undefined
[2026-04-12T13:09:22.044Z] error: <ingress-list> Error getting ingresses: NaN {"kind":"Status","apiVersion":"v1","metadata":{},"status":"Failure","message":"ingresses.networking.k8s.io is forbidden: User \"system:serviceaccount:homepage:default\" cannot list resource \"ingresses\" in API group \"networking.k8s.io\" at the cluster scope","reason":"Forbidden","details":{"group":"networking.k8s.io","kind":"ingresses"},"code":403}
 undefined
[2026-04-12T13:10:21.765Z] error: <ingress-list> Error getting ingresses: NaN {"kind":"Status","apiVersion":"v1","metadata":{},"status":"Failure","message":"ingresses.networking.k8s.io is forbidden: User \"system:serviceaccount:homepage:default\" cannot list resource \"ingresses\" in API group \"networking.k8s.io\" at the cluster scope","reason":"Forbidden","details":{"group":"networking.k8s.io","kind":"ingresses"},"code":403}
 undefined
[2026-04-12T13:18:03.880Z] error: <ingress-list> Error getting ingresses: NaN {"kind":"Status","apiVersion":"v1","metadata":{},"status":"Failure","message":"ingresses.networking.k8s.io is forbidden: User \"system:serviceaccount:homepage:default\" cannot list resource \"ingresses\" in API group \"networking.k8s.io\" at the cluster scope","reason":"Forbidden","details":{"group":"networking.k8s.io","kind":"ingresses"},"code":403}
 undefined
[2026-04-12T13:18:13.991Z] error: <ingress-list> Error getting ingresses: NaN {"kind":"Status","apiVersion":"v1","metadata":{},"status":"Failure","message":"ingresses.networking.k8s.io is forbidden: User \"system:serviceaccount:homepage:default\" cannot list resource \"ingresses\" in API group \"networking.k8s.io\" at the cluster scope","reason":"Forbidden","details":{"group":"networking.k8s.io","kind":"ingresses"},"code":403}
 undefined
[2026-04-12T13:21:56.115Z] error: <ingress-list> Error getting ingresses: NaN {"kind":"Status","apiVersion":"v1","metadata":{},"status":"Failure","message":"ingresses.networking.k8s.io is forbidden: User \"system:serviceaccount:homepage:default\" cannot list resource \"ingresses\" in API group \"networking.k8s.io\" at the cluster scope","reason":"Forbidden","details":{"group":"networking.k8s.io","kind":"ingresses"},"code":403}
 undefined
[2026-04-12T17:29:40.098Z] error: <ingress-list> Error getting ingresses: NaN {"kind":"Status","apiVersion":"v1","metadata":{},"status":"Failure","message":"ingresses.networking.k8s.io is forbidden: User \"system:serviceaccount:homepage:default\" cannot list resource \"ingresses\" in API group \"networking.k8s.io\" at the cluster scope","reason":"Forbidden","details":{"group":"networking.k8s.io","kind":"ingresses"},"code":403}
 undefined
[2026-04-13T01:01:33.662Z] error: <ingress-list> Error getting ingresses: NaN {"kind":"Status","apiVersion":"v1","metadata":{},"status":"Failure","message":"ingresses.networking.k8s.io is forbidden: User \"system:serviceaccount:homepage:default\" cannot list resource \"ingresses\" in API group \"networking.k8s.io\" at the cluster scope","reason":"Forbidden","details":{"group":"networking.k8s.io","kind":"ingresses"},"code":403}
 undefined
[2026-04-13T01:01:35.991Z] error: <ingress-list> Error getting ingresses: NaN {"kind":"Status","apiVersion":"v1","metadata":{},"status":"Failure","message":"ingresses.networking.k8s.io is forbidden: User \"system:serviceaccount:homepage:default\" cannot list resource \"ingresses\" in API group \"networking.k8s.io\" at the cluster scope","reason":"Forbidden","details":{"group":"networking.k8s.io","kind":"ingresses"},"code":403}
 undefined
[2026-04-13T01:01:41.276Z] error: <ingress-list> Error getting ingresses: NaN {"kind":"Status","apiVersion":"v1","metadata":{},"status":"Failure","message":"ingresses.networking.k8s.io is forbidden: User \"system:serviceaccount:homepage:default\" cannot list resource \"ingresses\" in API group \"networking.k8s.io\" at the cluster scope","reason":"Forbidden","details":{"group":"networking.k8s.io","kind":"ingresses"},"code":403}
 undefined
[2026-04-15T13:04:36.174Z] error: <ingress-list> Error getting ingresses: NaN {"kind":"Status","apiVersion":"v1","metadata":{},"status":"Failure","message":"ingresses.networking.k8s.io is forbidden: User \"system:serviceaccount:homepage:default\" cannot list resource \"ingresses\" in API group \"networking.k8s.io\" at the cluster scope","reason":"Forbidden","details":{"group":"networking.k8s.io","kind":"ingresses"},"code":403}
 undefined
[2026-04-15T13:19:42.351Z] error: <ingress-list> Error getting ingresses: NaN {"kind":"Status","apiVersion":"v1","metadata":{},"status":"Failure","message":"ingresses.networking.k8s.io is forbidden: User \"system:serviceaccount:homepage:default\" cannot list resource \"ingresses\" in API group \"networking.k8s.io\" at the cluster scope","reason":"Forbidden","details":{"group":"networking.k8s.io","kind":"ingresses"},"code":403}
 undefined
[2026-04-15T13:19:42.726Z] error: <ingress-list> Error getting ingresses: NaN {"kind":"Status","apiVersion":"v1","metadata":{},"status":"Failure","message":"ingresses.networking.k8s.io is forbidden: User \"system:serviceaccount:homepage:default\" cannot list resource \"ingresses\" in API group \"networking.k8s.io\" at the cluster scope","reason":"Forbidden","details":{"group":"networking.k8s.io","kind":"ingresses"},"code":403}
 undefined
[2026-04-15T13:23:53.995Z] error: <ingress-list> Error getting ingresses: NaN {"kind":"Status","apiVersion":"v1","metadata":{},"status":"Failure","message":"ingresses.networking.k8s.io is forbidden: User \"system:serviceaccount:homepage:default\" cannot list resource \"ingresses\" in API group \"networking.k8s.io\" at the cluster scope","reason":"Forbidden","details":{"group":"networking.k8s.io","kind":"ingresses"},"code":403}
 undefined
[2026-04-15T14:12:03.386Z] error: <ingress-list> Error getting ingresses: NaN {"kind":"Status","apiVersion":"v1","metadata":{},"status":"Failure","message":"ingresses.networking.k8s.io is forbidden: User \"system:serviceaccount:homepage:default\" cannot list resource \"ingresses\" in API group \"networking.k8s.io\" at the cluster scope","reason":"Forbidden","details":{"group":"networking.k8s.io","kind":"ingresses"},"code":403}
 undefined
[2026-04-15T14:12:04.300Z] error: <ingress-list> Error getting ingresses: NaN {"kind":"Status","apiVersion":"v1","metadata":{},"status":"Failure","message":"ingresses.networking.k8s.io is forbidden: User \"system:serviceaccount:homepage:default\" cannot list resource \"ingresses\" in API group \"networking.k8s.io\" at the cluster scope","reason":"Forbidden","details":{"group":"networking.k8s.io","kind":"ingresses"},"code":403}
 undefined
[2026-04-15T14:13:40.618Z] error: <ingress-list> Error getting ingresses: NaN {"kind":"Status","apiVersion":"v1","metadata":{},"status":"Failure","message":"ingresses.networking.k8s.io is forbidden: User \"system:serviceaccount:homepage:default\" cannot list resource \"ingresses\" in API group \"networking.k8s.io\" at the cluster scope","reason":"Forbidden","details":{"group":"networking.k8s.io","kind":"ingresses"},"code":403}
 undefined
[2026-04-15T14:22:58.697Z] error: <ingress-list> Error getting ingresses: NaN {"kind":"Status","apiVersion":"v1","metadata":{},"status":"Failure","message":"ingresses.networking.k8s.io is forbidden: User \"system:serviceaccount:homepage:default\" cannot list resource \"ingresses\" in API group \"networking.k8s.io\" at the cluster scope","reason":"Forbidden","details":{"group":"networking.k8s.io","kind":"ingresses"},"code":403}
 undefined
[2026-04-15T14:24:14.062Z] error: <ingress-list> Error getting ingresses: NaN {"kind":"Status","apiVersion":"v1","metadata":{},"status":"Failure","message":"ingresses.networking.k8s.io is forbidden: User \"system:serviceaccount:homepage:default\" cannot list resource \"ingresses\" in API group \"networking.k8s.io\" at the cluster scope","reason":"Forbidden","details":{"group":"networking.k8s.io","kind":"ingresses"},"code":403}
 undefined
[2026-04-15T17:01:02.573Z] error: <ingress-list> Error getting ingresses: NaN {"kind":"Status","apiVersion":"v1","metadata":{},"status":"Failure","message":"ingresses.networking.k8s.io is forbidden: User \"system:serviceaccount:homepage:default\" cannot list resource \"ingresses\" in API group \"networking.k8s.io\" at the cluster scope","reason":"Forbidden","details":{"group":"networking.k8s.io","kind":"ingresses"},"code":403}
 undefined
[2026-04-15T17:54:16.458Z] error: <ingress-list> Error getting ingresses: NaN {"kind":"Status","apiVersion":"v1","metadata":{},"status":"Failure","message":"ingresses.networking.k8s.io is forbidden: User \"system:serviceaccount:homepage:default\" cannot list resource \"ingresses\" in API group \"networking.k8s.io\" at the cluster scope","reason":"Forbidden","details":{"group":"networking.k8s.io","kind":"ingresses"},"code":403}
 undefined
[2026-04-15T18:47:52.241Z] error: <ingress-list> Error getting ingresses: NaN {"kind":"Status","apiVersion":"v1","metadata":{},"status":"Failure","message":"ingresses.networking.k8s.io is forbidden: User \"system:serviceaccount:homepage:default\" cannot list resource \"ingresses\" in API group \"networking.k8s.io\" at the cluster scope","reason":"Forbidden","details":{"group":"networking.k8s.io","kind":"ingresses"},"code":403}
 undefined
